c:\users\plasma\desktop\쥬신게임아카데미\02.국기반\3개월차\190717_총알발사\framework99c\framework99c\debug\framework99c.pch
c:\users\plasma\desktop\쥬신게임아카데미\02.국기반\3개월차\190717_총알발사\framework99c\framework99c\debug\vc141.pdb
c:\users\plasma\desktop\쥬신게임아카데미\02.국기반\3개월차\190717_총알발사\framework99c\framework99c\debug\vc141.idb
c:\users\plasma\desktop\쥬신게임아카데미\02.국기반\3개월차\190717_총알발사\framework99c\framework99c\debug\stdafx.obj
c:\users\plasma\desktop\쥬신게임아카데미\02.국기반\3개월차\190717_총알발사\framework99c\framework99c\debug\player.obj
c:\users\plasma\desktop\쥬신게임아카데미\02.국기반\3개월차\190717_총알발사\framework99c\framework99c\debug\maingame.obj
c:\users\plasma\desktop\쥬신게임아카데미\02.국기반\3개월차\190717_총알발사\framework99c\framework99c\debug\gameobject.obj
c:\users\plasma\desktop\쥬신게임아카데미\02.국기반\3개월차\190717_총알발사\framework99c\framework99c\debug\framework99c.obj
c:\users\plasma\desktop\쥬신게임아카데미\02.국기반\3개월차\190717_총알발사\framework99c\framework99c\debug\bullet.obj
c:\users\plasma\desktop\쥬신게임아카데미\02.국기반\3개월차\190717_총알발사\framework99c\debug\framework99c.exe
c:\users\plasma\desktop\쥬신게임아카데미\02.국기반\3개월차\190717_총알발사\framework99c\debug\framework99c.ilk
c:\users\plasma\desktop\쥬신게임아카데미\02.국기반\3개월차\190717_총알발사\framework99c\debug\framework99c.pdb
c:\users\plasma\desktop\쥬신게임아카데미\02.국기반\3개월차\190717_총알발사\framework99c\framework99c\debug\framework99c.res
c:\users\plasma\desktop\쥬신게임아카데미\02.국기반\3개월차\190717_총알발사\framework99c\framework99c\debug\vc140.idb
c:\users\plasma\desktop\쥬신게임아카데미\02.국기반\3개월차\190717_총알발사\framework99c\framework99c\debug\vc140.pdb
c:\users\plasma\desktop\쥬신게임아카데미\02.국기반\3개월차\190717_총알발사\framework99c\framework99c\debug\framework99c.tlog\cl.command.1.tlog
c:\users\plasma\desktop\쥬신게임아카데미\02.국기반\3개월차\190717_총알발사\framework99c\framework99c\debug\framework99c.tlog\cl.read.1.tlog
c:\users\plasma\desktop\쥬신게임아카데미\02.국기반\3개월차\190717_총알발사\framework99c\framework99c\debug\framework99c.tlog\cl.write.1.tlog
c:\users\plasma\desktop\쥬신게임아카데미\02.국기반\3개월차\190717_총알발사\framework99c\framework99c\debug\framework99c.tlog\link.command.1.tlog
c:\users\plasma\desktop\쥬신게임아카데미\02.국기반\3개월차\190717_총알발사\framework99c\framework99c\debug\framework99c.tlog\link.delete.1.tlog
c:\users\plasma\desktop\쥬신게임아카데미\02.국기반\3개월차\190717_총알발사\framework99c\framework99c\debug\framework99c.tlog\link.read.1.tlog
c:\users\plasma\desktop\쥬신게임아카데미\02.국기반\3개월차\190717_총알발사\framework99c\framework99c\debug\framework99c.tlog\link.write.1.tlog
c:\users\plasma\desktop\쥬신게임아카데미\02.국기반\3개월차\190717_총알발사\framework99c\framework99c\debug\framework99c.tlog\rc.command.1.tlog
c:\users\plasma\desktop\쥬신게임아카데미\02.국기반\3개월차\190717_총알발사\framework99c\framework99c\debug\framework99c.tlog\rc.read.1.tlog
c:\users\plasma\desktop\쥬신게임아카데미\02.국기반\3개월차\190717_총알발사\framework99c\framework99c\debug\framework99c.tlog\rc.write.1.tlog
